# JRE version: OpenJDK Runtime Environment (17.0.6) (build 17.0.6+0-17.0.6b802.4-9586694)
# Java VM: OpenJDK 64-Bit Server VM (17.0.6+0-17.0.6b802.4-9586694, mixed mode, tiered, compressed oops, compressed class ptrs, g1 gc, linux-amd64)
GC Precious Log:
 CPUs: 4 total, 4 available
 Memory: 3865M
 Large Page Support: Disabled
 NUMA Support: Disabled
 Compressed Oops: Enabled (32-bit)
 Heap Region Size: 1M
 Heap Min Capacity: 8M
 Heap Initial Capacity: 62M
 Heap Max Capacity: 2G
 Pre-touch: Disabled
 Parallel Workers: 4
 Concurrent Workers: 1
 Concurrent Refinement Workers: 4
 Periodic GC: Disabled
Heap:
 garbage-first heap   total 457728K, used 262371K [0x0000000080000000, 0x0000000100000000)
  region size 1024K, 3 young (3072K), 3 survivors (3072K)
 Metaspace       used 136608K, committed 137600K, reserved 1171456K
  class space    used 18237K, committed 18688K, reserved 1048576K
GC Heap History (20 events):
Event: 454.099 GC heap after
{Heap after GC invocations=84 (full 0):
 garbage-first heap   total 347136K, used 230390K [0x0000000080000000, 0x0000000100000000)
  region size 1024K, 5 young (5120K), 5 survivors (5120K)
 Metaspace       used 124452K, committed 125440K, reserved 1163264K
  class space    used 16615K, committed 17088K, reserved 1048576K
}
Event: 460.354 GC heap before
{Heap before GC invocations=85 (full 0):
 garbage-first heap   total 391168K, used 278518K [0x0000000080000000, 0x0000000100000000)
  region size 1024K, 53 young (54272K), 5 survivors (5120K)
 Metaspace       used 129316K, committed 130304K, reserved 1163264K
  class space    used 17264K, committed 17728K, reserved 1048576K
}
Event: 460.367 GC heap after
{Heap after GC invocations=86 (full 0):
 garbage-first heap   total 391168K, used 232851K [0x0000000080000000, 0x0000000100000000)
  region size 1024K, 3 young (3072K), 3 survivors (3072K)
 Metaspace       used 129316K, committed 130304K, reserved 1163264K
  class space    used 17264K, committed 17728K, reserved 1048576K
}
Event: 461.407 GC heap before
{Heap before GC invocations=86 (full 0):
 garbage-first heap   total 391168K, used 248211K [0x0000000080000000, 0x0000000100000000)
  region size 1024K, 19 young (19456K), 3 survivors (3072K)
 Metaspace       used 129929K, committed 130880K, reserved 1163264K
  class space    used 17342K, committed 17792K, reserved 1048576K
}
Event: 461.422 GC heap after
{Heap after GC invocations=87 (full 0):
 garbage-first heap   total 391168K, used 229629K [0x0000000080000000, 0x0000000100000000)
  region size 1024K, 3 young (3072K), 3 survivors (3072K)
 Metaspace       used 129929K, committed 130880K, reserved 1163264K
  class space    used 17342K, committed 17792K, reserved 1048576K
}
Event: 467.331 GC heap before
{Heap before GC invocations=87 (full 0):
 garbage-first heap   total 391168K, used 319741K [0x0000000080000000, 0x0000000100000000)
  region size 1024K, 92 young (94208K), 3 survivors (3072K)
 Metaspace       used 130464K, committed 131520K, reserved 1163264K
  class space    used 17420K, committed 17920K, reserved 1048576K
}
Event: 467.344 GC heap after
{Heap after GC invocations=88 (full 0):
 garbage-first heap   total 391168K, used 231518K [0x0000000080000000, 0x0000000100000000)
  region size 1024K, 5 young (5120K), 5 survivors (5120K)
 Metaspace       used 130464K, committed 131520K, reserved 1163264K
  class space    used 17420K, committed 17920K, reserved 1048576K
}
Event: 474.203 GC heap before
{Heap before GC invocations=89 (full 0):
 garbage-first heap   total 391168K, used 312414K [0x0000000080000000, 0x0000000100000000)
  region size 1024K, 95 young (97280K), 5 survivors (5120K)
 Metaspace       used 132081K, committed 133056K, reserved 1171456K
  class space    used 17629K, committed 18112K, reserved 1048576K
}
Event: 474.227 GC heap after
{Heap after GC invocations=90 (full 0):
 garbage-first heap   total 391168K, used 236198K [0x0000000080000000, 0x0000000100000000)
  region size 1024K, 12 young (12288K), 12 survivors (12288K)
 Metaspace       used 132081K, committed 133056K, reserved 1171456K
  class space    used 17629K, committed 18112K, reserved 1048576K
}
Event: 474.238 GC heap before
{Heap before GC invocations=90 (full 0):
 garbage-first heap   total 391168K, used 242342K [0x0000000080000000, 0x0000000100000000)
  region size 1024K, 19 young (19456K), 12 survivors (12288K)
 Metaspace       used 132089K, committed 133056K, reserved 1171456K
  class space    used 17629K, committed 18112K, reserved 1048576K
}
Event: 474.258 GC heap after
{Heap after GC invocations=91 (full 0):
 garbage-first heap   total 391168K, used 233415K [0x0000000080000000, 0x0000000100000000)
  region size 1024K, 3 young (3072K), 3 survivors (3072K)
 Metaspace       used 132089K, committed 133056K, reserved 1171456K
  class space    used 17629K, committed 18112K, reserved 1048576K
}
Event: 481.520 GC heap before
{Heap before GC invocations=91 (full 0):
 garbage-first heap   total 391168K, used 318407K [0x0000000080000000, 0x0000000100000000)
  region size 1024K, 87 young (89088K), 3 survivors (3072K)
 Metaspace       used 135030K, committed 136000K, reserved 1171456K
  class space    used 18050K, committed 18496K, reserved 1048576K
}
Event: 481.536 GC heap after
{Heap after GC invocations=92 (full 0):
 garbage-first heap   total 391168K, used 250764K [0x0000000080000000, 0x0000000100000000)
  region size 1024K, 11 young (11264K), 11 survivors (11264K)
 Metaspace       used 135030K, committed 136000K, reserved 1171456K
  class space    used 18050K, committed 18496K, reserved 1048576K
}
Event: 499.551 GC heap before
{Heap before GC invocations=93 (full 0):
 garbage-first heap   total 457728K, used 321420K [0x0000000080000000, 0x0000000100000000)
  region size 1024K, 78 young (79872K), 11 survivors (11264K)
 Metaspace       used 136398K, committed 137408K, reserved 1171456K
  class space    used 18212K, committed 18688K, reserved 1048576K
}
Event: 500.911 GC heap after
{Heap after GC invocations=94 (full 0):
 garbage-first heap   total 457728K, used 254792K [0x0000000080000000, 0x0000000100000000)
  region size 1024K, 10 young (10240K), 10 survivors (10240K)
 Metaspace       used 136398K, committed 137408K, reserved 1171456K
  class space    used 18212K, committed 18688K, reserved 1048576K
}
Event: 500.956 GC heap before
{Heap before GC invocations=94 (full 0):
 garbage-first heap   total 457728K, used 267080K [0x0000000080000000, 0x0000000100000000)
  region size 1024K, 22 young (22528K), 10 survivors (10240K)
 Metaspace       used 136405K, committed 137408K, reserved 1171456K
  class space    used 18212K, committed 18688K, reserved 1048576K
}
Event: 500.979 GC heap after
{Heap after GC invocations=95 (full 0):
 garbage-first heap   total 457728K, used 256260K [0x0000000080000000, 0x0000000100000000)
  region size 1024K, 3 young (3072K), 3 survivors (3072K)
 Metaspace       used 136405K, committed 137408K, reserved 1171456K
  class space    used 18212K, committed 18688K, reserved 1048576K
}
Event: 501.072 GC heap before
{Heap before GC invocations=95 (full 0):
 garbage-first heap   total 457728K, used 275716K [0x0000000080000000, 0x0000000100000000)
  region size 1024K, 22 young (22528K), 3 survivors (3072K)
 Metaspace       used 136415K, committed 137408K, reserved 1171456K
  class space    used 18212K, committed 18688K, reserved 1048576K
}
Event: 501.092 GC heap after
{Heap after GC invocations=96 (full 0):
 garbage-first heap   total 457728K, used 259072K [0x0000000080000000, 0x0000000100000000)
  region size 1024K, 3 young (3072K), 3 survivors (3072K)
 Metaspace       used 136415K, committed 137408K, reserved 1171456K
  class space    used 18212K, committed 18688K, reserved 1048576K
}
Event: 501.655 GC heap before
{Heap before GC invocations=96 (full 0):
 garbage-first heap   total 457728K, used 278528K [0x0000000080000000, 0x0000000100000000)
  region size 1024K, 22 young (22528K), 3 survivors (3072K)
 Metaspace       used 136608K, committed 137600K, reserved 1171456K
  class space    used 18237K, committed 18688K, reserved 1048576K
}

